Using pre-set license
Built from '2021.1/staging' branch; Version is '2021.1.19f1 (5f5eb8bbdc25) revision 6250168'; Using compiler version '192528614'; Build Type 'Release'
OS: 'Windows 10 Home; OS build 19042.1288; Version 2009; 64bit' Language: 'en' Physical Memory: 12130 MB
BatchMode: 1, IsHumanControllingUs: 0, StartBugReporterOnCrash: 0, Is64bit: 1, IsPro: 0

COMMAND LINE ARGUMENTS:
D:\2021.1.19f1\Editor\Unity.exe
-adb2
-batchMode
-noUpm
-name
AssetImportWorker0
-projectPath
D:/SEM 5/MOBILE I/Labs/GAME2014-F2021-Lab6
-logFile
Logs/AssetImportWorker0.log
-srvPort
62499
Successfully changed project path to: D:/SEM 5/MOBILE I/Labs/GAME2014-F2021-Lab6
D:/SEM 5/MOBILE I/Labs/GAME2014-F2021-Lab6
Using Asset Import Pipeline V2.
Refreshing native plugins compatible for Editor in 125.84 ms, found 4 plugins.
Preloading 0 native plugins for Editor in 0.00 ms.
Initialize engine version: 2021.1.19f1 (5f5eb8bbdc25)
[Subsystems] Discovering subsystems at path D:/2021.1.19f1/Editor/Data/Resources/UnitySubsystems
[Subsystems] Discovering subsystems at path D:/SEM 5/MOBILE I/Labs/GAME2014-F2021-Lab6/Assets
GfxDevice: creating device client; threaded=0; jobified=0
Direct3D:
    Version:  Direct3D 11.0 [level 11.1]
    Renderer: NVIDIA GeForce GTX 1050 (ID=0x1c8d)
    Vendor:   NVIDIA
    VRAM:     4029 MB
    Driver:   23.21.13.8873
Initialize mono
Mono path[0] = 'D:/2021.1.19f1/Editor/Data/Managed'
Mono path[1] = 'D:/2021.1.19f1/Editor/Data/MonoBleedingEdge/lib/mono/unityjit'
Mono config path = 'D:/2021.1.19f1/Editor/Data/MonoBleedingEdge/etc'
Using monoOptions --debugger-agent=transport=dt_socket,embedding=1,server=y,suspend=n,address=127.0.0.1:56980
Begin MonoManager ReloadAssembly
Registering precompiled unity dll's ...
Register platform support module: D:/2021.1.19f1/Editor/Data/PlaybackEngines/WebGLSupport/UnityEditor.WebGL.Extensions.dll
Register platform support module: D:/2021.1.19f1/Editor/Data/PlaybackEngines/WindowsStandaloneSupport/UnityEditor.WindowsStandalone.Extensions.dll
Registered in 0.001422 seconds.
Native extension for WindowsStandalone target not found
Native extension for WebGL target not found
Refreshing native plugins compatible for Editor in 121.00 ms, found 4 plugins.
Preloading 0 native plugins for Editor in 0.00 ms.
Mono: successfully reloaded assembly
- Completed reload, in  1.726 seconds
Domain Reload Profiling:
	ReloadAssembly (1726ms)
		BeginReloadAssembly (65ms)
			ExecutionOrderSort (0ms)
			DisableScriptedObjects (0ms)
			BackupInstance (0ms)
			ReleaseScriptingObjects (0ms)
			CreateAndSetChildDomain (1ms)
		EndReloadAssembly (532ms)
			LoadAssemblies (64ms)
			RebuildTransferFunctionScriptingTraits (0ms)
			SetupTypeCache (176ms)
			ReleaseScriptCaches (0ms)
			RebuildScriptCaches (33ms)
			SetupLoadedEditorAssemblies (276ms)
				LogAssemblyErrors (0ms)
				InitializePlatformSupportModulesInManaged (6ms)
				SetLoadedEditorAssemblies (0ms)
				RefreshPlugins (121ms)
				BeforeProcessingInitializeOnLoad (1ms)
				ProcessInitializeOnLoadAttributes (116ms)
				ProcessInitializeOnLoadMethodAttributes (32ms)
				AfterProcessingInitializeOnLoad (0ms)
				EditorAssembliesLoaded (1ms)
			ExecutionOrderSort2 (0ms)
			AwakeInstancesAfterBackupRestoration (0ms)
Platform modules already initialized, skipping
Registering precompiled user dll's ...
Registered in 0.004988 seconds.
Begin MonoManager ReloadAssembly
Symbol file LoadedFromMemory doesn't match image D:\SEM 5\MOBILE I\Labs\GAME2014-F2021-Lab6\Library\PackageCache\com.unity.visualscripting@1.6.1\Editor\VisualScripting.Core\Dependencies\YamlDotNet\Unity.VisualScripting.YamlDotNet.dll
Symbol file LoadedFromMemory doesn't match image D:\SEM 5\MOBILE I\Labs\GAME2014-F2021-Lab6\Library\PackageCache\com.unity.visualscripting@1.6.1\Editor\VisualScripting.Core\Dependencies\DotNetZip\Unity.VisualScripting.IonicZip.dll
Native extension for WindowsStandalone target not found
Native extension for WebGL target not found
Refreshing native plugins compatible for Editor in 122.16 ms, found 4 plugins.
Preloading 0 native plugins for Editor in 0.00 ms.
Mono: successfully reloaded assembly
- Completed reload, in  1.595 seconds
Domain Reload Profiling:
	ReloadAssembly (1596ms)
		BeginReloadAssembly (164ms)
			ExecutionOrderSort (0ms)
			DisableScriptedObjects (4ms)
			BackupInstance (0ms)
			ReleaseScriptingObjects (0ms)
			CreateAndSetChildDomain (23ms)
		EndReloadAssembly (1377ms)
			LoadAssemblies (354ms)
			RebuildTransferFunctionScriptingTraits (0ms)
			SetupTypeCache (391ms)
			ReleaseScriptCaches (1ms)
			RebuildScriptCaches (59ms)
			SetupLoadedEditorAssemblies (474ms)
				LogAssemblyErrors (0ms)
				InitializePlatformSupportModulesInManaged (5ms)
				SetLoadedEditorAssemblies (0ms)
				RefreshPlugins (122ms)
				BeforeProcessingInitializeOnLoad (88ms)
				ProcessInitializeOnLoadAttributes (238ms)
				ProcessInitializeOnLoadMethodAttributes (16ms)
				AfterProcessingInitializeOnLoad (4ms)
				EditorAssembliesLoaded (0ms)
			ExecutionOrderSort2 (0ms)
			AwakeInstancesAfterBackupRestoration (8ms)
Platform modules already initialized, skipping
========================================================================
Worker process is ready to serve import requests
Launched and connected shader compiler UnityShaderCompiler.exe after 0.08 seconds
Refreshing native plugins compatible for Editor in 0.93 ms, found 4 plugins.
Preloading 0 native plugins for Editor in 0.00 ms.
Unloading 3757 Unused Serialized files (Serialized files now loaded: 0)
System memory in use before: 138.8 MB.
System memory in use after: 139.0 MB.

Unloading 43 unused Assets to reduce memory usage. Loaded Objects now: 4194.
Total: 3.904500 ms (FindLiveObjects: 0.512200 ms CreateObjectMapping: 0.315100 ms MarkObjects: 3.012800 ms  DeleteObjects: 0.063500 ms)

AssetImportParameters requested are different than current active one (requested -> active):
  custom:framework-win-MediaFoundation: 216162199b28c13a410421893ffa2e32 -> 
  custom:video-decoder-ogg-theora: a1e56fd34408186e4bbccfd4996cb3dc -> 
  custom:container-muxer-webm: aa71ff27fc2769a1b78a27578f13a17b -> 
  custom:container-demuxer-webm: 4f35f7cbe854078d1ac9338744f61a02 -> 
  custom:container-demuxer-ogg: 62fdf1f143b41e24485cea50d1cbac27 -> 
  custom:video-encoder-webm-vp8: eb34c28f22e8b96e1ab97ce403110664 -> 
  custom:video-decoder-webm-vp8: 9c59270c3fd7afecdb556c50c9e8de78 -> 
  custom:audio-decoder-ogg-vorbis: bf7c407c2cedff20999df2af8eb42d56 -> 
  custom:audio-encoder-webm-vorbis: bf7c407c2cedff20999df2af8eb42d56 -> 
========================================================================
Received Import Request.
  path: Assets
  artifactKey: Guid(00000000000000001000000000000000) Importer(815301076,1909f56bfc062723c751e8b465ee728b)
Start importing Assets using Guid(00000000000000001000000000000000) Importer(815301076,1909f56bfc062723c751e8b465ee728b)  -> (artifact id: '42d402b061de3733987d63b9cc3b64de') in 0.005103 seconds 
========================================================================
Received Import Request.
  Time since last request: 5.734568 seconds.
  path: Assets/[Scripts]
  artifactKey: Guid(71de96e4119e8224c9fe2b49c18ad291) Importer(815301076,1909f56bfc062723c751e8b465ee728b)
Start importing Assets/[Scripts] using Guid(71de96e4119e8224c9fe2b49c18ad291) Importer(815301076,1909f56bfc062723c751e8b465ee728b)  -> (artifact id: '836a8035291cbb62e09f040b4169dbdb') in 0.004522 seconds 
========================================================================
Received Import Request.
  Time since last request: 1.139511 seconds.
  path: Assets/Scenes
  artifactKey: Guid(bbbc74fad6ed1d243aee6102298f428b) Importer(815301076,1909f56bfc062723c751e8b465ee728b)
Start importing Assets/Scenes using Guid(bbbc74fad6ed1d243aee6102298f428b) Importer(815301076,1909f56bfc062723c751e8b465ee728b)  -> (artifact id: 'e2f5d9c482259fc97b3f344a61ab00ed') in 0.002359 seconds 
========================================================================
Received Import Request.
  Time since last request: 5.639685 seconds.
  path: Assets/[Scenes]
  artifactKey: Guid(bbbc74fad6ed1d243aee6102298f428b) Importer(815301076,1909f56bfc062723c751e8b465ee728b)
Start importing Assets/[Scenes] using Guid(bbbc74fad6ed1d243aee6102298f428b) Importer(815301076,1909f56bfc062723c751e8b465ee728b)  -> (artifact id: '6107834bbba231fd6e43a76c14788af6') in 0.001739 seconds 
========================================================================
Received Import Request.
  Time since last request: 4.901541 seconds.
  path: Assets/Sprites
  artifactKey: Guid(282ac1502c7bfd64b9c78ce667f6619b) Importer(815301076,1909f56bfc062723c751e8b465ee728b)
Start importing Assets/Sprites using Guid(282ac1502c7bfd64b9c78ce667f6619b) Importer(815301076,1909f56bfc062723c751e8b465ee728b)  -> (artifact id: '4f0969f6706ecb84acc0f13b0de39de5') in 0.001831 seconds 
========================================================================
Received Import Request.
  Time since last request: 1.558891 seconds.
  path: Assets/Sunnyland
  artifactKey: Guid(75f363f502be3de48ab187af16ae2283) Importer(815301076,1909f56bfc062723c751e8b465ee728b)
Start importing Assets/Sunnyland using Guid(75f363f502be3de48ab187af16ae2283) Importer(815301076,1909f56bfc062723c751e8b465ee728b)  -> (artifact id: 'd449404c1b05a3bceabb0406bc8d5b17') in 0.001629 seconds 
========================================================================
Received Import Request.
  Time since last request: 0.338992 seconds.
  path: Assets/sunnyland woods
  artifactKey: Guid(1bf517b18e251ab43a8cbce857aed6e2) Importer(815301076,1909f56bfc062723c751e8b465ee728b)
Start importing Assets/sunnyland woods using Guid(1bf517b18e251ab43a8cbce857aed6e2) Importer(815301076,1909f56bfc062723c751e8b465ee728b)  -> (artifact id: '697e713762b67ff54f02b0659c1ea55c') in 0.001470 seconds 
========================================================================
Received Import Request.
  Time since last request: 30.775097 seconds.
  path: Assets/New Folder
  artifactKey: Guid(57e00342d392f2942aea74167c8e9ad3) Importer(815301076,1909f56bfc062723c751e8b465ee728b)
Start importing Assets/New Folder using Guid(57e00342d392f2942aea74167c8e9ad3) Importer(815301076,1909f56bfc062723c751e8b465ee728b)  -> (artifact id: '09d210851b562ee004c74d1b6cc3e3f2') in 0.002580 seconds 
========================================================================
Received Import Request.
  Time since last request: 7.961594 seconds.
  path: Assets/Materials
  artifactKey: Guid(57e00342d392f2942aea74167c8e9ad3) Importer(815301076,1909f56bfc062723c751e8b465ee728b)
Start importing Assets/Materials using Guid(57e00342d392f2942aea74167c8e9ad3) Importer(815301076,1909f56bfc062723c751e8b465ee728b)  -> (artifact id: 'e66de09b1a4d12693d3d205dbf8ec0b5') in 0.001380 seconds 
========================================================================
Received Prepare
Registering precompiled user dll's ...
Registered in 0.006084 seconds.
Begin MonoManager ReloadAssembly
Symbol file LoadedFromMemory doesn't match image D:\SEM 5\MOBILE I\Labs\GAME2014-F2021-Lab6\Library\PackageCache\com.unity.visualscripting@1.6.1\Editor\VisualScripting.Core\Dependencies\YamlDotNet\Unity.VisualScripting.YamlDotNet.dll
Symbol file LoadedFromMemory doesn't match image D:\SEM 5\MOBILE I\Labs\GAME2014-F2021-Lab6\Library\PackageCache\com.unity.visualscripting@1.6.1\Editor\VisualScripting.Core\Dependencies\DotNetZip\Unity.VisualScripting.IonicZip.dll
Native extension for WindowsStandalone target not found
Native extension for WebGL target not found
Refreshing native plugins compatible for Editor in 0.80 ms, found 4 plugins.
Preloading 0 native plugins for Editor in 0.00 ms.
Mono: successfully reloaded assembly
- Completed reload, in  1.299 seconds
Domain Reload Profiling:
	ReloadAssembly (1299ms)
		BeginReloadAssembly (152ms)
			ExecutionOrderSort (0ms)
			DisableScriptedObjects (6ms)
			BackupInstance (0ms)
			ReleaseScriptingObjects (0ms)
			CreateAndSetChildDomain (53ms)
		EndReloadAssembly (1084ms)
			LoadAssemblies (110ms)
			RebuildTransferFunctionScriptingTraits (0ms)
			SetupTypeCache (463ms)
			ReleaseScriptCaches (1ms)
			RebuildScriptCaches (57ms)
			SetupLoadedEditorAssemblies (338ms)
				LogAssemblyErrors (0ms)
				InitializePlatformSupportModulesInManaged (6ms)
				SetLoadedEditorAssemblies (0ms)
				RefreshPlugins (1ms)
				BeforeProcessingInitializeOnLoad (72ms)
				ProcessInitializeOnLoadAttributes (246ms)
				ProcessInitializeOnLoadMethodAttributes (10ms)
				AfterProcessingInitializeOnLoad (2ms)
				EditorAssembliesLoaded (0ms)
			ExecutionOrderSort2 (0ms)
			AwakeInstancesAfterBackupRestoration (13ms)
Platform modules already initialized, skipping
Switching build target platform(19) subTarget(0) extendedPlatform(0) -> platform(13) subTarget(537395200) extendedPlatform(0)
Refreshing native plugins compatible for Editor in 0.93 ms, found 4 plugins.
Preloading 0 native plugins for Editor in 0.00 ms.
Unloading 3751 Unused Serialized files (Serialized files now loaded: 0)
System memory in use before: 138.3 MB.
System memory in use after: 138.5 MB.

Unloading 31 unused Assets to reduce memory usage. Loaded Objects now: 4197.
Total: 4.389700 ms (FindLiveObjects: 0.811400 ms CreateObjectMapping: 0.413600 ms MarkObjects: 3.128200 ms  DeleteObjects: 0.035000 ms)

AssetImportParameters requested are different than current active one (requested -> active):
  custom:framework-win-MediaFoundation: 216162199b28c13a410421893ffa2e32 -> 
  custom:video-decoder-ogg-theora: a1e56fd34408186e4bbccfd4996cb3dc -> 
  custom:container-muxer-webm: aa71ff27fc2769a1b78a27578f13a17b -> 
  custom:container-demuxer-webm: 4f35f7cbe854078d1ac9338744f61a02 -> 
  custom:container-demuxer-ogg: 62fdf1f143b41e24485cea50d1cbac27 -> 
  custom:video-encoder-webm-vp8: eb34c28f22e8b96e1ab97ce403110664 -> 
  custom:video-decoder-webm-vp8: 9c59270c3fd7afecdb556c50c9e8de78 -> 
  custom:graphics/normal-map-encoding: 01000000000000000000000000000000 -> 02000000000000000000000000000000
  custom:audio-decoder-ogg-vorbis: bf7c407c2cedff20999df2af8eb42d56 -> 
  custom:audio-encoder-webm-vorbis: bf7c407c2cedff20999df2af8eb42d56 -> 
========================================================================
Received Prepare
Refreshing native plugins compatible for Editor in 10.20 ms, found 4 plugins.
Preloading 0 native plugins for Editor in 0.00 ms.
Unloading 29 Unused Serialized files (Serialized files now loaded: 0)
System memory in use before: 64.6 MB.
System memory in use after: 64.9 MB.

Unloading 29 unused Assets to reduce memory usage. Loaded Objects now: 4197.
Total: 3.989200 ms (FindLiveObjects: 0.287900 ms CreateObjectMapping: 0.238300 ms MarkObjects: 3.402700 ms  DeleteObjects: 0.059300 ms)

AssetImportParameters requested are different than current active one (requested -> active):
  custom:framework-win-MediaFoundation: 216162199b28c13a410421893ffa2e32 -> 
  custom:video-decoder-ogg-theora: a1e56fd34408186e4bbccfd4996cb3dc -> 
  custom:container-muxer-webm: aa71ff27fc2769a1b78a27578f13a17b -> 
  custom:container-demuxer-webm: 4f35f7cbe854078d1ac9338744f61a02 -> 
  custom:container-demuxer-ogg: 62fdf1f143b41e24485cea50d1cbac27 -> 
  custom:video-encoder-webm-vp8: eb34c28f22e8b96e1ab97ce403110664 -> 
  custom:video-decoder-webm-vp8: 9c59270c3fd7afecdb556c50c9e8de78 -> 
  custom:audio-decoder-ogg-vorbis: bf7c407c2cedff20999df2af8eb42d56 -> 
  custom:audio-encoder-webm-vorbis: bf7c407c2cedff20999df2af8eb42d56 -> 
========================================================================
Received Prepare
Refreshing native plugins compatible for Editor in 8.55 ms, found 4 plugins.
Preloading 0 native plugins for Editor in 0.00 ms.
Unloading 29 Unused Serialized files (Serialized files now loaded: 0)
System memory in use before: 64.6 MB.
System memory in use after: 64.9 MB.

Unloading 29 unused Assets to reduce memory usage. Loaded Objects now: 4197.
Total: 3.809600 ms (FindLiveObjects: 0.282600 ms CreateObjectMapping: 0.153600 ms MarkObjects: 3.350900 ms  DeleteObjects: 0.021700 ms)

AssetImportParameters requested are different than current active one (requested -> active):
  colorSpace: 1 -> 0
  custom:framework-win-MediaFoundation: 216162199b28c13a410421893ffa2e32 -> 
  custom:video-decoder-ogg-theora: a1e56fd34408186e4bbccfd4996cb3dc -> 
  custom:container-muxer-webm: aa71ff27fc2769a1b78a27578f13a17b -> 
  custom:container-demuxer-webm: 4f35f7cbe854078d1ac9338744f61a02 -> 
  custom:container-demuxer-ogg: 62fdf1f143b41e24485cea50d1cbac27 -> 
  custom:video-encoder-webm-vp8: eb34c28f22e8b96e1ab97ce403110664 -> 
  custom:video-decoder-webm-vp8: 9c59270c3fd7afecdb556c50c9e8de78 -> 
  custom:audio-decoder-ogg-vorbis: bf7c407c2cedff20999df2af8eb42d56 -> 
  custom:audio-encoder-webm-vorbis: bf7c407c2cedff20999df2af8eb42d56 -> 
========================================================================
Received Prepare
Switching build target platform(13) subTarget(537395200) extendedPlatform(0) -> platform(13) subTarget(524288) extendedPlatform(0)
Refreshing native plugins compatible for Editor in 6.71 ms, found 4 plugins.
Preloading 0 native plugins for Editor in 0.00 ms.
Unloading 29 Unused Serialized files (Serialized files now loaded: 0)
System memory in use before: 64.6 MB.
System memory in use after: 64.9 MB.

Unloading 29 unused Assets to reduce memory usage. Loaded Objects now: 4197.
Total: 5.351500 ms (FindLiveObjects: 0.312100 ms CreateObjectMapping: 0.202900 ms MarkObjects: 4.722500 ms  DeleteObjects: 0.110200 ms)

AssetImportParameters requested are different than current active one (requested -> active):
  buildTarget: platform 13, subtarget 524288, extendedPlatform 0 -> platform 13, subtarget 537395200, extendedPlatform 0
  colorSpace: 1 -> 0
  graphicsApiMask: 2048 -> 2099200
  custom:framework-win-MediaFoundation: 216162199b28c13a410421893ffa2e32 -> 
  custom:video-decoder-ogg-theora: a1e56fd34408186e4bbccfd4996cb3dc -> 
  custom:container-muxer-webm: aa71ff27fc2769a1b78a27578f13a17b -> 
  custom:container-demuxer-webm: 4f35f7cbe854078d1ac9338744f61a02 -> 
  custom:container-demuxer-ogg: 62fdf1f143b41e24485cea50d1cbac27 -> 
  custom:video-encoder-webm-vp8: eb34c28f22e8b96e1ab97ce403110664 -> 
  custom:video-decoder-webm-vp8: 9c59270c3fd7afecdb556c50c9e8de78 -> 
  custom:audio-decoder-ogg-vorbis: bf7c407c2cedff20999df2af8eb42d56 -> 
  custom:audio-encoder-webm-vorbis: bf7c407c2cedff20999df2af8eb42d56 -> 
========================================================================
Received Prepare
Registering precompiled user dll's ...
Registered in 0.004534 seconds.
Begin MonoManager ReloadAssembly
Symbol file LoadedFromMemory doesn't match image D:\SEM 5\MOBILE I\Labs\GAME2014-F2021-Lab6\Library\PackageCache\com.unity.visualscripting@1.6.1\Editor\VisualScripting.Core\Dependencies\YamlDotNet\Unity.VisualScripting.YamlDotNet.dll
Symbol file LoadedFromMemory doesn't match image D:\SEM 5\MOBILE I\Labs\GAME2014-F2021-Lab6\Library\PackageCache\com.unity.visualscripting@1.6.1\Editor\VisualScripting.Core\Dependencies\DotNetZip\Unity.VisualScripting.IonicZip.dll
Native extension for WindowsStandalone target not found
Native extension for WebGL target not found
Refreshing native plugins compatible for Editor in 1.45 ms, found 4 plugins.
Preloading 0 native plugins for Editor in 0.00 ms.
Mono: successfully reloaded assembly
- Completed reload, in  1.308 seconds
Domain Reload Profiling:
	ReloadAssembly (1309ms)
		BeginReloadAssembly (155ms)
			ExecutionOrderSort (0ms)
			DisableScriptedObjects (9ms)
			BackupInstance (0ms)
			ReleaseScriptingObjects (0ms)
			CreateAndSetChildDomain (52ms)
		EndReloadAssembly (1089ms)
			LoadAssemblies (118ms)
			RebuildTransferFunctionScriptingTraits (0ms)
			SetupTypeCache (426ms)
			ReleaseScriptCaches (2ms)
			RebuildScriptCaches (53ms)
			SetupLoadedEditorAssemblies (366ms)
				LogAssemblyErrors (0ms)
				InitializePlatformSupportModulesInManaged (5ms)
				SetLoadedEditorAssemblies (0ms)
				RefreshPlugins (2ms)
				BeforeProcessingInitializeOnLoad (69ms)
				ProcessInitializeOnLoadAttributes (274ms)
				ProcessInitializeOnLoadMethodAttributes (11ms)
				AfterProcessingInitializeOnLoad (5ms)
				EditorAssembliesLoaded (0ms)
			ExecutionOrderSort2 (0ms)
			AwakeInstancesAfterBackupRestoration (15ms)
Platform modules already initialized, skipping
Switching build target platform(19) subTarget(0) extendedPlatform(0) -> platform(13) subTarget(524288) extendedPlatform(0)
Refreshing native plugins compatible for Editor in 0.86 ms, found 4 plugins.
Preloading 0 native plugins for Editor in 0.00 ms.
Unloading 3751 Unused Serialized files (Serialized files now loaded: 0)
System memory in use before: 138.3 MB.
System memory in use after: 138.6 MB.

Unloading 31 unused Assets to reduce memory usage. Loaded Objects now: 4200.
Total: 4.965000 ms (FindLiveObjects: 0.323100 ms CreateObjectMapping: 0.248700 ms MarkObjects: 4.326400 ms  DeleteObjects: 0.063600 ms)

AssetImportParameters requested are different than current active one (requested -> active):
  buildTarget: platform 13, subtarget 524288, extendedPlatform 0 -> platform 13, subtarget 537395200, extendedPlatform 0
  colorSpace: 1 -> 0
  graphicsApiMask: 2048 -> 2099200
  custom:framework-win-MediaFoundation: 216162199b28c13a410421893ffa2e32 -> 
  custom:video-decoder-ogg-theora: a1e56fd34408186e4bbccfd4996cb3dc -> 
  custom:container-muxer-webm: aa71ff27fc2769a1b78a27578f13a17b -> 
  custom:container-demuxer-webm: 4f35f7cbe854078d1ac9338744f61a02 -> 
  custom:container-demuxer-ogg: 62fdf1f143b41e24485cea50d1cbac27 -> 
  custom:video-encoder-webm-vp8: eb34c28f22e8b96e1ab97ce403110664 -> 
  custom:video-decoder-webm-vp8: 9c59270c3fd7afecdb556c50c9e8de78 -> 
  custom:graphics/normal-map-encoding: 01000000000000000000000000000000 -> 02000000000000000000000000000000
  custom:audio-decoder-ogg-vorbis: bf7c407c2cedff20999df2af8eb42d56 -> 
  custom:audio-encoder-webm-vorbis: bf7c407c2cedff20999df2af8eb42d56 -> 
========================================================================
Received Import Request.
  Time since last request: 1388.944373 seconds.
  path: Assets/[Scenes]/SampleScene.unity
  artifactKey: Guid(2cda990e2423bbf4892e6590ba056729) Importer(815301076,1909f56bfc062723c751e8b465ee728b)
Start importing Assets/[Scenes]/SampleScene.unity using Guid(2cda990e2423bbf4892e6590ba056729) Importer(815301076,1909f56bfc062723c751e8b465ee728b)  -> (artifact id: '959bcd953351e9c5a7810ccb1b3618ea') in 0.026194 seconds 
========================================================================
Received Import Request.
  Time since last request: 5.473708 seconds.
  path: Assets/[Scenes]/Main.unity
  artifactKey: Guid(2cda990e2423bbf4892e6590ba056729) Importer(815301076,1909f56bfc062723c751e8b465ee728b)
Start importing Assets/[Scenes]/Main.unity using Guid(2cda990e2423bbf4892e6590ba056729) Importer(815301076,1909f56bfc062723c751e8b465ee728b)  -> (artifact id: '5bc73b5d77361ee098e145d16856974c') in 0.002334 seconds 
========================================================================
Received Import Request.
  Time since last request: 82.761441 seconds.
  path: Assets/Sunnyland/artwork
  artifactKey: Guid(2f17d1e6a207e4d8eb72bd03b1b645ac) Importer(815301076,1909f56bfc062723c751e8b465ee728b)
Start importing Assets/Sunnyland/artwork using Guid(2f17d1e6a207e4d8eb72bd03b1b645ac) Importer(815301076,1909f56bfc062723c751e8b465ee728b)  -> (artifact id: '81a74d76d4688b1d4a5c3a255f24721c') in 0.002856 seconds 
========================================================================
Received Import Request.
  Time since last request: 5.054374 seconds.
  path: Assets/Sunnyland/artwork/Environment
  artifactKey: Guid(7174750bdca91466fa784bba50da49b4) Importer(815301076,1909f56bfc062723c751e8b465ee728b)
Start importing Assets/Sunnyland/artwork/Environment using Guid(7174750bdca91466fa784bba50da49b4) Importer(815301076,1909f56bfc062723c751e8b465ee728b)  -> (artifact id: 'd0206cb2bfe385659083c10b1a15be05') in 0.001658 seconds 
========================================================================
Received Import Request.
  Time since last request: 32.712331 seconds.
  path: Assets/Sunnyland/artwork/Environment/tileset-sliced.png
  artifactKey: Guid(261212b977f594d5dbc48631a5c1295c) Importer(815301076,1909f56bfc062723c751e8b465ee728b)
Start importing Assets/Sunnyland/artwork/Environment/tileset-sliced.png using Guid(261212b977f594d5dbc48631a5c1295c) Importer(815301076,1909f56bfc062723c751e8b465ee728b)  -> (artifact id: '1121babbd19c3c8ca4b3afd5b3aa5c20') in 0.346289 seconds 
========================================================================
Received Import Request.
  Time since last request: 26.698739 seconds.
  path: Assets/Sunnyland/artwork/Environment/tileset-sliced.png
  artifactKey: Guid(261212b977f594d5dbc48631a5c1295c) Importer(815301076,1909f56bfc062723c751e8b465ee728b)
Start importing Assets/Sunnyland/artwork/Environment/tileset-sliced.png using Guid(261212b977f594d5dbc48631a5c1295c) Importer(815301076,1909f56bfc062723c751e8b465ee728b)  -> (artifact id: '9e9bbd8828cf074fec4274f432b8364c') in 0.181164 seconds 
========================================================================
Received Import Request.
  Time since last request: 24.617505 seconds.
  path: Assets/Sunnyland/artwork/Environment/tileset-sliced.png
  artifactKey: Guid(261212b977f594d5dbc48631a5c1295c) Importer(815301076,1909f56bfc062723c751e8b465ee728b)
Start importing Assets/Sunnyland/artwork/Environment/tileset-sliced.png using Guid(261212b977f594d5dbc48631a5c1295c) Importer(815301076,1909f56bfc062723c751e8b465ee728b)  -> (artifact id: 'c7d1d72eba7424645f50ceb28589f528') in 0.211701 seconds 
========================================================================
Received Import Request.
  Time since last request: 6.491288 seconds.
  path: Assets/Sunnyland/artwork/Environment/tileset-sliced.png
  artifactKey: Guid(261212b977f594d5dbc48631a5c1295c) Importer(815301076,1909f56bfc062723c751e8b465ee728b)
Start importing Assets/Sunnyland/artwork/Environment/tileset-sliced.png using Guid(261212b977f594d5dbc48631a5c1295c) Importer(815301076,1909f56bfc062723c751e8b465ee728b)  -> (artifact id: '24c4cf63ad1d3d0cb68da16a29ea3e54') in 0.237859 seconds 
========================================================================
Received Import Request.
  Time since last request: 86.977436 seconds.
  path: Assets/sunnyland woods/Environment
  artifactKey: Guid(c83e3ec70656843878c293d5bac2dc63) Importer(815301076,1909f56bfc062723c751e8b465ee728b)
Start importing Assets/sunnyland woods/Environment using Guid(c83e3ec70656843878c293d5bac2dc63) Importer(815301076,1909f56bfc062723c751e8b465ee728b)  -> (artifact id: '740f288974f9ac2df6736e52427807b3') in 0.001459 seconds 
========================================================================
Received Import Request.
  Time since last request: 1.015970 seconds.
  path: Assets/sunnyland woods/Environment/tileset-sliced.png
  artifactKey: Guid(9a3f72f076ab840149080d30379776b2) Importer(815301076,1909f56bfc062723c751e8b465ee728b)
Start importing Assets/sunnyland woods/Environment/tileset-sliced.png using Guid(9a3f72f076ab840149080d30379776b2) Importer(815301076,1909f56bfc062723c751e8b465ee728b)  -> (artifact id: '0aa432b4eb6e05129434810a98453d82') in 0.290520 seconds 
========================================================================
Received Import Request.
  Time since last request: 7.585872 seconds.
  path: Assets/sunnyland woods/Environment/tileset-sliced.png
  artifactKey: Guid(9a3f72f076ab840149080d30379776b2) Importer(815301076,1909f56bfc062723c751e8b465ee728b)
Start importing Assets/sunnyland woods/Environment/tileset-sliced.png using Guid(9a3f72f076ab840149080d30379776b2) Importer(815301076,1909f56bfc062723c751e8b465ee728b)  -> (artifact id: '39db25b822d33fd9116aa38b2ff923a5') in 0.334097 seconds 
========================================================================
Received Import Request.
  Time since last request: 7.392074 seconds.
  path: Assets/sunnyland woods/Environment/tileset-sliced.png
  artifactKey: Guid(9a3f72f076ab840149080d30379776b2) Importer(815301076,1909f56bfc062723c751e8b465ee728b)
Start importing Assets/sunnyland woods/Environment/tileset-sliced.png using Guid(9a3f72f076ab840149080d30379776b2) Importer(815301076,1909f56bfc062723c751e8b465ee728b)  -> (artifact id: '1199d6da0daf1fe08e50cb9790f37592') in 0.274826 seconds 
========================================================================
Received Import Request.
  Time since last request: 96.011372 seconds.
  path: Assets/Sprites/Tile Palettes
  artifactKey: Guid(0ee31f326b927e84baf48b6e61c51284) Importer(815301076,1909f56bfc062723c751e8b465ee728b)
Start importing Assets/Sprites/Tile Palettes using Guid(0ee31f326b927e84baf48b6e61c51284) Importer(815301076,1909f56bfc062723c751e8b465ee728b)  -> (artifact id: '304269020e67e3823e30dd36dfe20f94') in 0.001542 seconds 
========================================================================
Received Import Request.
  Time since last request: 1.053958 seconds.
  path: Assets/Sprites/Tile Palettes/SunnyLand
  artifactKey: Guid(8a88eb83bba5702498eb279b1934504e) Importer(815301076,1909f56bfc062723c751e8b465ee728b)
Start importing Assets/Sprites/Tile Palettes/SunnyLand using Guid(8a88eb83bba5702498eb279b1934504e) Importer(815301076,1909f56bfc062723c751e8b465ee728b)  -> (artifact id: '59e885c23ab3ded1f7c9b392e8a6ebcc') in 0.001639 seconds 
========================================================================
Received Import Request.
  Time since last request: 4.055459 seconds.
  path: Assets/Sprites/Tile Palettes/SunnyLand/tileset-sliced_120.asset
  artifactKey: Guid(0e46a2e23479c254b82fcb54f32bd4af) Importer(815301076,1909f56bfc062723c751e8b465ee728b)
Start importing Assets/Sprites/Tile Palettes/SunnyLand/tileset-sliced_120.asset using Guid(0e46a2e23479c254b82fcb54f32bd4af) Importer(815301076,1909f56bfc062723c751e8b465ee728b)  -> (artifact id: '361c1ccc30293a05d2ede9d48426fa2b') in 0.044860 seconds 
========================================================================
Received Import Request.
  Time since last request: 95.327781 seconds.
  path: Assets/sunnyland woods/Sprites
  artifactKey: Guid(573f41dd9a7664a9887e062e765be724) Importer(815301076,1909f56bfc062723c751e8b465ee728b)
Start importing Assets/sunnyland woods/Sprites using Guid(573f41dd9a7664a9887e062e765be724) Importer(815301076,1909f56bfc062723c751e8b465ee728b)  -> (artifact id: 'e4276f13449ebc57d98c12bfad46ad59') in 0.001674 seconds 
========================================================================
Received Import Request.
  Time since last request: 1.561065 seconds.
  path: Assets/sunnyland woods/Sprites/player
  artifactKey: Guid(525914c7f60954d42bc701acc77f1343) Importer(815301076,1909f56bfc062723c751e8b465ee728b)
Start importing Assets/sunnyland woods/Sprites/player using Guid(525914c7f60954d42bc701acc77f1343) Importer(815301076,1909f56bfc062723c751e8b465ee728b)  -> (artifact id: 'b174a41771fde93afc12daf14ef6c065') in 0.002311 seconds 
========================================================================
Received Import Request.
  Time since last request: 6.422143 seconds.
  path: Assets/sunnyland woods/Sprites/player/idle
  artifactKey: Guid(a8d35553274c649a0ad0a4642aa3a913) Importer(815301076,1909f56bfc062723c751e8b465ee728b)
Start importing Assets/sunnyland woods/Sprites/player/idle using Guid(a8d35553274c649a0ad0a4642aa3a913) Importer(815301076,1909f56bfc062723c751e8b465ee728b)  -> (artifact id: 'ca46bda0739aed254d17f8a81a2fce82') in 0.001698 seconds 
========================================================================
Received Import Request.
  Time since last request: 1.045087 seconds.
  path: Assets/sunnyland woods/Sprites/player/idle/player-idle-1.png
  artifactKey: Guid(f00b4747e194d43ebba76abc9ea17f57) Importer(815301076,1909f56bfc062723c751e8b465ee728b)
Start importing Assets/sunnyland woods/Sprites/player/idle/player-idle-1.png using Guid(f00b4747e194d43ebba76abc9ea17f57) Importer(815301076,1909f56bfc062723c751e8b465ee728b)  -> (artifact id: '19d544332f14c43d670b94cfe1b5e82a') in 0.010484 seconds 
========================================================================
Received Import Request.
  Time since last request: 3.912551 seconds.
  path: Assets/sunnyland woods/Sprites/player/idle/player-idle-3.png
  artifactKey: Guid(0b692f1e744ec43dd84f1b1df511112b) Importer(815301076,1909f56bfc062723c751e8b465ee728b)
Start importing Assets/sunnyland woods/Sprites/player/idle/player-idle-3.png using Guid(0b692f1e744ec43dd84f1b1df511112b) Importer(815301076,1909f56bfc062723c751e8b465ee728b)  -> (artifact id: 'db841a2bd617d8042571c74859acf164') in 0.008032 seconds 
========================================================================
Received Import Request.
  Time since last request: 0.460477 seconds.
  path: Assets/sunnyland woods/Sprites/player/idle/player-idle-4.png
  artifactKey: Guid(efab8307cd05f446d995e89aa5a339af) Importer(815301076,1909f56bfc062723c751e8b465ee728b)
Start importing Assets/sunnyland woods/Sprites/player/idle/player-idle-4.png using Guid(efab8307cd05f446d995e89aa5a339af) Importer(815301076,1909f56bfc062723c751e8b465ee728b)  -> (artifact id: 'efa9863883e2f11142949bd03c8ab06e') in 0.008681 seconds 
========================================================================
Received Import Request.
  Time since last request: 0.402831 seconds.
  path: Assets/sunnyland woods/Sprites/player/idle/player-idle-5.png
  artifactKey: Guid(cdb9e5532b5eb47daaf302a4902a0498) Importer(815301076,1909f56bfc062723c751e8b465ee728b)
Start importing Assets/sunnyland woods/Sprites/player/idle/player-idle-5.png using Guid(cdb9e5532b5eb47daaf302a4902a0498) Importer(815301076,1909f56bfc062723c751e8b465ee728b)  -> (artifact id: 'ece2a206c80aa03e4c3d4aa2007bc16c') in 0.011697 seconds 
========================================================================
Received Import Request.
  Time since last request: 0.883733 seconds.
  path: Assets/sunnyland woods/Sprites/player/idle/player-idle-6.png
  artifactKey: Guid(89ac76dbee8aa4e1bb30692ddce4a364) Importer(815301076,1909f56bfc062723c751e8b465ee728b)
Start importing Assets/sunnyland woods/Sprites/player/idle/player-idle-6.png using Guid(89ac76dbee8aa4e1bb30692ddce4a364) Importer(815301076,1909f56bfc062723c751e8b465ee728b)  -> (artifact id: 'ef7764cf472741e6321eecc3a743a553') in 0.011453 seconds 
========================================================================
Received Import Request.
  Time since last request: 0.314793 seconds.
  path: Assets/sunnyland woods/Sprites/player/idle/player-idle-7.png
  artifactKey: Guid(ffa450555b05e40259e14f45b3d7c427) Importer(815301076,1909f56bfc062723c751e8b465ee728b)
Start importing Assets/sunnyland woods/Sprites/player/idle/player-idle-7.png using Guid(ffa450555b05e40259e14f45b3d7c427) Importer(815301076,1909f56bfc062723c751e8b465ee728b)  -> (artifact id: 'fe7ea552f00e8768c6cc0b85b30dc89f') in 0.009603 seconds 
========================================================================
Received Import Request.
  Time since last request: 0.399399 seconds.
  path: Assets/sunnyland woods/Sprites/player/idle/player-idle-8.png
  artifactKey: Guid(aba71567efd404adf98458d20512bbcb) Importer(815301076,1909f56bfc062723c751e8b465ee728b)
Start importing Assets/sunnyland woods/Sprites/player/idle/player-idle-8.png using Guid(aba71567efd404adf98458d20512bbcb) Importer(815301076,1909f56bfc062723c751e8b465ee728b)  -> (artifact id: '5186209e47a2d1570f87e1c0a4569014') in 0.007947 seconds 
========================================================================
Received Import Request.
  Time since last request: 1.494101 seconds.
  path: Assets/sunnyland woods/Sprites/player/idle/player-idle-2.png
  artifactKey: Guid(59220b107872b420f9200542ab7d4763) Importer(815301076,1909f56bfc062723c751e8b465ee728b)
Start importing Assets/sunnyland woods/Sprites/player/idle/player-idle-2.png using Guid(59220b107872b420f9200542ab7d4763) Importer(815301076,1909f56bfc062723c751e8b465ee728b)  -> (artifact id: '61afd6ca51de6ac66db64e3036473485') in 0.009097 seconds 
========================================================================
Received Import Request.
  Time since last request: 5.600643 seconds.
  path: Assets/Sunnyland/artwork/Sprites
  artifactKey: Guid(b6238935cfd4648cf866141c0ee28c85) Importer(815301076,1909f56bfc062723c751e8b465ee728b)
Start importing Assets/Sunnyland/artwork/Sprites using Guid(b6238935cfd4648cf866141c0ee28c85) Importer(815301076,1909f56bfc062723c751e8b465ee728b)  -> (artifact id: '30a1cdf49dae176ba251a1e799cd1bab') in 0.001366 seconds 
========================================================================
Received Import Request.
  Time since last request: 1.147753 seconds.
  path: Assets/Sunnyland/artwork/Sprites/player
  artifactKey: Guid(c38f07c49aff74810b5ee46bc2a90197) Importer(815301076,1909f56bfc062723c751e8b465ee728b)
Start importing Assets/Sunnyland/artwork/Sprites/player using Guid(c38f07c49aff74810b5ee46bc2a90197) Importer(815301076,1909f56bfc062723c751e8b465ee728b)  -> (artifact id: '012bcbb0017e0eb5ce11ce6c5fb46150') in 0.001529 seconds 
========================================================================
Received Import Request.
  Time since last request: 1.428271 seconds.
  path: Assets/Sunnyland/artwork/Sprites/player/idle
  artifactKey: Guid(a6784c39dc28a4834b763f55ec9d0408) Importer(815301076,1909f56bfc062723c751e8b465ee728b)
Start importing Assets/Sunnyland/artwork/Sprites/player/idle using Guid(a6784c39dc28a4834b763f55ec9d0408) Importer(815301076,1909f56bfc062723c751e8b465ee728b)  -> (artifact id: '13a0a6f7803e8d500d09401ecf18107b') in 0.001460 seconds 
========================================================================
Received Import Request.
  Time since last request: 0.941194 seconds.
  path: Assets/Sunnyland/artwork/Sprites/player/idle/player-idle-1.png
  artifactKey: Guid(72de0c64f2c6a498096698322c976a67) Importer(815301076,1909f56bfc062723c751e8b465ee728b)
Start importing Assets/Sunnyland/artwork/Sprites/player/idle/player-idle-1.png using Guid(72de0c64f2c6a498096698322c976a67) Importer(815301076,1909f56bfc062723c751e8b465ee728b)  -> (artifact id: 'e52bf215b76a5312757f31635fee5b1b') in 0.014845 seconds 
========================================================================
Received Import Request.
  Time since last request: 0.706749 seconds.
  path: Assets/Sunnyland/artwork/Sprites/player/idle/player-idle-2.png
  artifactKey: Guid(c8a742c1f2ebb43b9afe34a47304c051) Importer(815301076,1909f56bfc062723c751e8b465ee728b)
Start importing Assets/Sunnyland/artwork/Sprites/player/idle/player-idle-2.png using Guid(c8a742c1f2ebb43b9afe34a47304c051) Importer(815301076,1909f56bfc062723c751e8b465ee728b)  -> (artifact id: '954ea62bc3b487ae6dfd15710c1888e0') in 0.012310 seconds 
========================================================================
Received Import Request.
  Time since last request: 0.437202 seconds.
  path: Assets/Sunnyland/artwork/Sprites/player/idle/player-idle-3.png
  artifactKey: Guid(077f0469c420a4365bc67943783293df) Importer(815301076,1909f56bfc062723c751e8b465ee728b)
Start importing Assets/Sunnyland/artwork/Sprites/player/idle/player-idle-3.png using Guid(077f0469c420a4365bc67943783293df) Importer(815301076,1909f56bfc062723c751e8b465ee728b)  -> (artifact id: '8f146500c1e32ea1e769f1fe63fb5aa3') in 0.009220 seconds 
========================================================================
Received Import Request.
  Time since last request: 0.843827 seconds.
  path: Assets/Sunnyland/artwork/Sprites/player/idle/player-idle-4.png
  artifactKey: Guid(8bc3c2c2a565342aab778fd8e874313a) Importer(815301076,1909f56bfc062723c751e8b465ee728b)
Start importing Assets/Sunnyland/artwork/Sprites/player/idle/player-idle-4.png using Guid(8bc3c2c2a565342aab778fd8e874313a) Importer(815301076,1909f56bfc062723c751e8b465ee728b)  -> (artifact id: '891fa26675fdfab374fbc6d0b07d7220') in 0.009162 seconds 
========================================================================
Received Import Request.
  Time since last request: 40.957027 seconds.
  path: Assets/Sunnyland/artwork/Sprites/player/idle/player-idle-1.png
  artifactKey: Guid(72de0c64f2c6a498096698322c976a67) Importer(815301076,1909f56bfc062723c751e8b465ee728b)
Start importing Assets/Sunnyland/artwork/Sprites/player/idle/player-idle-1.png using Guid(72de0c64f2c6a498096698322c976a67) Importer(815301076,1909f56bfc062723c751e8b465ee728b)  -> (artifact id: 'ca215da623dae127dbd689b65b8db6dd') in 0.213571 seconds 
========================================================================
Received Prepare
Registering precompiled user dll's ...
Registered in 0.004239 seconds.
Begin MonoManager ReloadAssembly
Symbol file LoadedFromMemory doesn't match image D:\SEM 5\MOBILE I\Labs\GAME2014-F2021-Lab6\Library\PackageCache\com.unity.visualscripting@1.6.1\Editor\VisualScripting.Core\Dependencies\YamlDotNet\Unity.VisualScripting.YamlDotNet.dll
Symbol file LoadedFromMemory doesn't match image D:\SEM 5\MOBILE I\Labs\GAME2014-F2021-Lab6\Library\PackageCache\com.unity.visualscripting@1.6.1\Editor\VisualScripting.Core\Dependencies\DotNetZip\Unity.VisualScripting.IonicZip.dll
Native extension for WindowsStandalone target not found
Native extension for WebGL target not found
Refreshing native plugins compatible for Editor in 1.34 ms, found 4 plugins.
Preloading 0 native plugins for Editor in 0.00 ms.
Mono: successfully reloaded assembly
- Completed reload, in  1.427 seconds
Domain Reload Profiling:
	ReloadAssembly (1427ms)
		BeginReloadAssembly (144ms)
			ExecutionOrderSort (0ms)
			DisableScriptedObjects (9ms)
			BackupInstance (0ms)
			ReleaseScriptingObjects (0ms)
			CreateAndSetChildDomain (49ms)
		EndReloadAssembly (1224ms)
			LoadAssemblies (115ms)
			RebuildTransferFunctionScriptingTraits (0ms)
			SetupTypeCache (430ms)
			ReleaseScriptCaches (1ms)
			RebuildScriptCaches (54ms)
			SetupLoadedEditorAssemblies (367ms)
				LogAssemblyErrors (0ms)
				InitializePlatformSupportModulesInManaged (5ms)
				SetLoadedEditorAssemblies (0ms)
				RefreshPlugins (1ms)
				BeforeProcessingInitializeOnLoad (88ms)
				ProcessInitializeOnLoadAttributes (257ms)
				ProcessInitializeOnLoadMethodAttributes (11ms)
				AfterProcessingInitializeOnLoad (4ms)
				EditorAssembliesLoaded (0ms)
			ExecutionOrderSort2 (0ms)
			AwakeInstancesAfterBackupRestoration (21ms)
Platform modules already initialized, skipping
Switching build target platform(19) subTarget(0) extendedPlatform(0) -> platform(13) subTarget(524288) extendedPlatform(0)
Refreshing native plugins compatible for Editor in 1.11 ms, found 4 plugins.
Preloading 0 native plugins for Editor in 0.00 ms.
Unloading 3765 Unused Serialized files (Serialized files now loaded: 0)
System memory in use before: 152.8 MB.
System memory in use after: 153.1 MB.

Unloading 31 unused Assets to reduce memory usage. Loaded Objects now: 4511.
Total: 11.587100 ms (FindLiveObjects: 0.346800 ms CreateObjectMapping: 0.430200 ms MarkObjects: 10.770500 ms  DeleteObjects: 0.038200 ms)

AssetImportParameters requested are different than current active one (requested -> active):
  custom:framework-win-MediaFoundation: 216162199b28c13a410421893ffa2e32 -> 
  custom:video-decoder-ogg-theora: a1e56fd34408186e4bbccfd4996cb3dc -> 
  custom:container-muxer-webm: aa71ff27fc2769a1b78a27578f13a17b -> 
  custom:container-demuxer-webm: 4f35f7cbe854078d1ac9338744f61a02 -> 
  custom:container-demuxer-ogg: 62fdf1f143b41e24485cea50d1cbac27 -> 
  custom:video-encoder-webm-vp8: eb34c28f22e8b96e1ab97ce403110664 -> 
  custom:video-decoder-webm-vp8: 9c59270c3fd7afecdb556c50c9e8de78 -> 
  custom:graphics/normal-map-encoding: 01000000000000000000000000000000 -> 02000000000000000000000000000000
  custom:audio-decoder-ogg-vorbis: bf7c407c2cedff20999df2af8eb42d56 -> 
  custom:audio-encoder-webm-vorbis: bf7c407c2cedff20999df2af8eb42d56 -> 
========================================================================
Received Prepare
Registering precompiled user dll's ...
Registered in 0.005315 seconds.
Begin MonoManager ReloadAssembly
Symbol file LoadedFromMemory doesn't match image D:\SEM 5\MOBILE I\Labs\GAME2014-F2021-Lab6\Library\PackageCache\com.unity.visualscripting@1.6.1\Editor\VisualScripting.Core\Dependencies\YamlDotNet\Unity.VisualScripting.YamlDotNet.dll
Symbol file LoadedFromMemory doesn't match image D:\SEM 5\MOBILE I\Labs\GAME2014-F2021-Lab6\Library\PackageCache\com.unity.visualscripting@1.6.1\Editor\VisualScripting.Core\Dependencies\DotNetZip\Unity.VisualScripting.IonicZip.dll
Native extension for WindowsStandalone target not found
Native extension for WebGL target not found
Refreshing native plugins compatible for Editor in 0.92 ms, found 4 plugins.
Preloading 0 native plugins for Editor in 0.00 ms.
Mono: successfully reloaded assembly
- Completed reload, in  1.285 seconds
Domain Reload Profiling:
	ReloadAssembly (1285ms)
		BeginReloadAssembly (145ms)
			ExecutionOrderSort (0ms)
			DisableScriptedObjects (11ms)
			BackupInstance (0ms)
			ReleaseScriptingObjects (0ms)
			CreateAndSetChildDomain (44ms)
		EndReloadAssembly (1081ms)
			LoadAssemblies (105ms)
			RebuildTransferFunctionScriptingTraits (0ms)
			SetupTypeCache (375ms)
			ReleaseScriptCaches (2ms)
			RebuildScriptCaches (48ms)
			SetupLoadedEditorAssemblies (394ms)
				LogAssemblyErrors (0ms)
				InitializePlatformSupportModulesInManaged (7ms)
				SetLoadedEditorAssemblies (0ms)
				RefreshPlugins (1ms)
				BeforeProcessingInitializeOnLoad (86ms)
				ProcessInitializeOnLoadAttributes (287ms)
				ProcessInitializeOnLoadMethodAttributes (10ms)
				AfterProcessingInitializeOnLoad (2ms)
				EditorAssembliesLoaded (0ms)
			ExecutionOrderSort2 (0ms)
			AwakeInstancesAfterBackupRestoration (18ms)
Platform modules already initialized, skipping
Switching build target platform(19) subTarget(0) extendedPlatform(0) -> platform(13) subTarget(524288) extendedPlatform(0)
Refreshing native plugins compatible for Editor in 0.99 ms, found 4 plugins.
Preloading 0 native plugins for Editor in 0.00 ms.
Unloading 3751 Unused Serialized files (Serialized files now loaded: 0)
System memory in use before: 152.2 MB.
System memory in use after: 152.5 MB.

Unloading 31 unused Assets to reduce memory usage. Loaded Objects now: 4514.
Total: 4.112200 ms (FindLiveObjects: 0.325000 ms CreateObjectMapping: 0.194600 ms MarkObjects: 3.566500 ms  DeleteObjects: 0.024900 ms)

AssetImportParameters requested are different than current active one (requested -> active):
  custom:framework-win-MediaFoundation: 216162199b28c13a410421893ffa2e32 -> 
  custom:video-decoder-ogg-theora: a1e56fd34408186e4bbccfd4996cb3dc -> 
  custom:container-muxer-webm: aa71ff27fc2769a1b78a27578f13a17b -> 
  custom:container-demuxer-webm: 4f35f7cbe854078d1ac9338744f61a02 -> 
  custom:container-demuxer-ogg: 62fdf1f143b41e24485cea50d1cbac27 -> 
  custom:video-encoder-webm-vp8: eb34c28f22e8b96e1ab97ce403110664 -> 
  custom:video-decoder-webm-vp8: 9c59270c3fd7afecdb556c50c9e8de78 -> 
  custom:graphics/normal-map-encoding: 01000000000000000000000000000000 -> 02000000000000000000000000000000
  custom:audio-decoder-ogg-vorbis: bf7c407c2cedff20999df2af8eb42d56 -> 
  custom:audio-encoder-webm-vorbis: bf7c407c2cedff20999df2af8eb42d56 -> 
AssetImportWorkerClient::OnTransportError - code=2 error=End of file
